# JRE version: Java(TM) SE Runtime Environment (8.0_211-b12) (build 1.8.0_211-b12)
# Java VM: Java HotSpot(TM) Client VM (25.211-b12 mixed mode windows-x86 )
Heap:
 def new generation   total 4992K, used 967K [0x06800000, 0x06d60000, 0x0bd50000)
  eden space 4480K,  21% used [0x06800000, 0x068f1d38, 0x06c60000)
  from space 512K,   0% used [0x06c60000, 0x06c60000, 0x06ce0000)
  to   space 512K,   0% used [0x06ce0000, 0x06ce0000, 0x06d60000)
 tenured generation   total 10944K, used 5629K [0x0bd50000, 0x0c800000, 0x16800000)
   the space 10944K,  51% used [0x0bd50000, 0x0c2cf6d0, 0x0c2cf800, 0x0c800000)
 Metaspace       used 11945K, capacity 12462K, committed 12544K, reserved 12672K
GC Heap History (10 events):
Event: 4.479 GC heap before
{Heap before GC invocations=10 (full 0):
 def new generation   total 4928K, used 4927K [0x06800000, 0x06d50000, 0x0bd50000)
  eden space 4416K,  99% used [0x06800000, 0x06c4fed8, 0x06c50000)
  from space 512K,  99% used [0x06c50000, 0x06ccfe68, 0x06cd0000)
  to   space 512K,   0% used [0x06cd0000, 0x06cd0000, 0x06d50000)
 tenured generation   total 10944K, used 5300K [0x0bd50000, 0x0c800000, 0x16800000)
   the space 10944K,  48% used [0x0bd50000, 0x0c27d3e8, 0x0c27d400, 0x0c800000)
 Metaspace       used 9799K, capacity 10302K, committed 10368K, reserved 10624K
Event: 4.485 GC heap after
Heap after GC invocations=11 (full 0):
 def new generation   total 4928K, used 511K [0x06800000, 0x06d50000, 0x0bd50000)
  eden space 4416K,   0% used [0x06800000, 0x06800000, 0x06c50000)
  from space 512K,  99% used [0x06cd0000, 0x06d4fff8, 0x06d50000)
  to   space 512K,   0% used [0x06c50000, 0x06c50000, 0x06cd0000)
 tenured generation   total 10944K, used 5893K [0x0bd50000, 0x0c800000, 0x16800000)
   the space 10944K,  53% used [0x0bd50000, 0x0c311698, 0x0c311800, 0x0c800000)
 Metaspace       used 9799K, capacity 10302K, committed 10368K, reserved 10624K
}
Event: 15.616 GC heap before
{Heap before GC invocations=11 (full 0):
 def new generation   total 4928K, used 4927K [0x06800000, 0x06d50000, 0x0bd50000)
  eden space 4416K, 100% used [0x06800000, 0x06c50000, 0x06c50000)
  from space 512K,  99% used [0x06cd0000, 0x06d4fff8, 0x06d50000)
  to   space 512K,   0% used [0x06c50000, 0x06c50000, 0x06cd0000)
 tenured generation   total 10944K, used 5893K [0x0bd50000, 0x0c800000, 0x16800000)
   the space 10944K,  53% used [0x0bd50000, 0x0c311698, 0x0c311800, 0x0c800000)
 Metaspace       used 10423K, capacity 10941K, committed 11008K, reserved 11648K
Event: 15.622 GC heap after
Heap after GC invocations=12 (full 0):
 def new generation   total 4928K, used 512K [0x06800000, 0x06d50000, 0x0bd50000)
  eden space 4416K,   0% used [0x06800000, 0x06800000, 0x06c50000)
  from space 512K, 100% used [0x06c50000, 0x06cd0000, 0x06cd0000)
  to   space 512K,   0% used [0x06cd0000, 0x06cd0000, 0x06d50000)
 tenured generation   total 10944K, used 6278K [0x0bd50000, 0x0c800000, 0x16800000)
   the space 10944K,  57% used [0x0bd50000, 0x0c371870, 0x0c371a00, 0x0c800000)
 Metaspace       used 10423K, capacity 10941K, committed 11008K, reserved 11648K
}
Event: 15.768 GC heap before
{Heap before GC invocations=12 (full 0):
 def new generation   total 4928K, used 4928K [0x06800000, 0x06d50000, 0x0bd50000)
  eden space 4416K, 100% used [0x06800000, 0x06c50000, 0x06c50000)
  from space 512K, 100% used [0x06c50000, 0x06cd0000, 0x06cd0000)
  to   space 512K,   0% used [0x06cd0000, 0x06cd0000, 0x06d50000)
 tenured generation   total 10944K, used 6278K [0x0bd50000, 0x0c800000, 0x16800000)
   the space 10944K,  57% used [0x0bd50000, 0x0c371870, 0x0c371a00, 0x0c800000)
 Metaspace       used 10932K, capacity 11455K, committed 11520K, reserved 11648K
Event: 15.772 GC heap after
Heap after GC invocations=13 (full 0):
 def new generation   total 4928K, used 511K [0x06800000, 0x06d50000, 0x0bd50000)
  eden space 4416K,   0% used [0x06800000, 0x06800000, 0x06c50000)
  from space 512K,  99% used [0x06cd0000, 0x06d4fff8, 0x06d50000)
  to   space 512K,   0% used [0x06c50000, 0x06c50000, 0x06cd0000)
 tenured generation   total 10944K, used 6817K [0x0bd50000, 0x0c800000, 0x16800000)
   the space 10944K,  62% used [0x0bd50000, 0x0c3f85f0, 0x0c3f8600, 0x0c800000)
 Metaspace       used 10932K, capacity 11455K, committed 11520K, reserved 11648K
}
Event: 15.953 GC heap before
{Heap before GC invocations=13 (full 0):
 def new generation   total 4928K, used 4927K [0x06800000, 0x06d50000, 0x0bd50000)
  eden space 4416K, 100% used [0x06800000, 0x06c50000, 0x06c50000)
  from space 512K,  99% used [0x06cd0000, 0x06d4fff8, 0x06d50000)
  to   space 512K,   0% used [0x06c50000, 0x06c50000, 0x06cd0000)
 tenured generation   total 10944K, used 6817K [0x0bd50000, 0x0c800000, 0x16800000)
   the space 10944K,  62% used [0x0bd50000, 0x0c3f85f0, 0x0c3f8600, 0x0c800000)
 Metaspace       used 11532K, capacity 12031K, committed 12032K, reserved 12672K
Event: 15.957 GC heap after
Heap after GC invocations=14 (full 0):
 def new generation   total 4928K, used 512K [0x06800000, 0x06d50000, 0x0bd50000)
  eden space 4416K,   0% used [0x06800000, 0x06800000, 0x06c50000)
  from space 512K, 100% used [0x06c50000, 0x06cd0000, 0x06cd0000)
  to   space 512K,   0% used [0x06cd0000, 0x06cd0000, 0x06d50000)
 tenured generation   total 10944K, used 7304K [0x0bd50000, 0x0c800000, 0x16800000)
   the space 10944K,  66% used [0x0bd50000, 0x0c472190, 0x0c472200, 0x0c800000)
 Metaspace       used 11532K, capacity 12031K, committed 12032K, reserved 12672K
}
Event: 16.024 GC heap before
{Heap before GC invocations=14 (full 0):
 def new generation   total 4928K, used 2041K [0x06800000, 0x06d50000, 0x0bd50000)
  eden space 4416K,  34% used [0x06800000, 0x0697e5a8, 0x06c50000)
  from space 512K, 100% used [0x06c50000, 0x06cd0000, 0x06cd0000)
  to   space 512K,   0% used [0x06cd0000, 0x06cd0000, 0x06d50000)
 tenured generation   total 10944K, used 7304K [0x0bd50000, 0x0c800000, 0x16800000)
   the space 10944K,  66% used [0x0bd50000, 0x0c472190, 0x0c472200, 0x0c800000)
 Metaspace       used 11774K, capacity 12273K, committed 12288K, reserved 12672K
Event: 16.051 GC heap after
Heap after GC invocations=15 (full 1):
 def new generation   total 4992K, used 0K [0x06800000, 0x06d60000, 0x0bd50000)
  eden space 4480K,   0% used [0x06800000, 0x06800000, 0x06c60000)
  from space 512K,   0% used [0x06c60000, 0x06c60000, 0x06ce0000)
  to   space 512K,   0% used [0x06ce0000, 0x06ce0000, 0x06d60000)
 tenured generation   total 10944K, used 5629K [0x0bd50000, 0x0c800000, 0x16800000)
   the space 10944K,  51% used [0x0bd50000, 0x0c2cf6d0, 0x0c2cf800, 0x0c800000)
 Metaspace       used 11772K, capacity 12270K, committed 12288K, reserved 12672K
}

