# JRE version: Java(TM) SE Runtime Environment (8.0_211-b12) (build 1.8.0_211-b12)
# Java VM: Java HotSpot(TM) Client VM (25.211-b12 mixed mode windows-x86 )
Heap:
 def new generation   total 4928K, used 1902K [0x07000000, 0x07550000, 0x0c550000)
  eden space 4416K,  31% used [0x07000000, 0x0715bb48, 0x07450000)
  from space 512K, 100% used [0x07450000, 0x074d0000, 0x074d0000)
  to   space 512K,   0% used [0x074d0000, 0x074d0000, 0x07550000)
 tenured generation   total 10944K, used 6284K [0x0c550000, 0x0d000000, 0x17000000)
   the space 10944K,  57% used [0x0c550000, 0x0cb73350, 0x0cb73400, 0x0d000000)
 Metaspace       used 10546K, capacity 11071K, committed 11136K, reserved 11648K
GC Heap History (10 events):
Event: 4.059 GC heap before
{Heap before GC invocations=7 (full 0):
 def new generation   total 4928K, used 4928K [0x07000000, 0x07550000, 0x0c550000)
  eden space 4416K, 100% used [0x07000000, 0x07450000, 0x07450000)
  from space 512K, 100% used [0x074d0000, 0x07550000, 0x07550000)
  to   space 512K,   0% used [0x07450000, 0x07450000, 0x074d0000)
 tenured generation   total 10944K, used 4189K [0x0c550000, 0x0d000000, 0x17000000)
   the space 10944K,  38% used [0x0c550000, 0x0c9677e8, 0x0c967800, 0x0d000000)
 Metaspace       used 7932K, capacity 8108K, committed 8192K, reserved 8576K
Event: 4.063 GC heap after
Heap after GC invocations=8 (full 0):
 def new generation   total 4928K, used 456K [0x07000000, 0x07550000, 0x0c550000)
  eden space 4416K,   0% used [0x07000000, 0x07000000, 0x07450000)
  from space 512K,  89% used [0x07450000, 0x074c22f8, 0x074d0000)
  to   space 512K,   0% used [0x074d0000, 0x074d0000, 0x07550000)
 tenured generation   total 10944K, used 4699K [0x0c550000, 0x0d000000, 0x17000000)
   the space 10944K,  42% used [0x0c550000, 0x0c9e6c38, 0x0c9e6e00, 0x0d000000)
 Metaspace       used 7932K, capacity 8108K, committed 8192K, reserved 8576K
}
Event: 4.763 GC heap before
{Heap before GC invocations=8 (full 0):
 def new generation   total 4928K, used 4872K [0x07000000, 0x07550000, 0x0c550000)
  eden space 4416K, 100% used [0x07000000, 0x07450000, 0x07450000)
  from space 512K,  89% used [0x07450000, 0x074c22f8, 0x074d0000)
  to   space 512K,   0% used [0x074d0000, 0x074d0000, 0x07550000)
 tenured generation   total 10944K, used 4699K [0x0c550000, 0x0d000000, 0x17000000)
   the space 10944K,  42% used [0x0c550000, 0x0c9e6c38, 0x0c9e6e00, 0x0d000000)
 Metaspace       used 8744K, capacity 8997K, committed 9088K, reserved 9600K
Event: 4.767 GC heap after
Heap after GC invocations=9 (full 0):
 def new generation   total 4928K, used 512K [0x07000000, 0x07550000, 0x0c550000)
  eden space 4416K,   0% used [0x07000000, 0x07000000, 0x07450000)
  from space 512K, 100% used [0x074d0000, 0x07550000, 0x07550000)
  to   space 512K,   0% used [0x07450000, 0x07450000, 0x074d0000)
 tenured generation   total 10944K, used 5060K [0x0c550000, 0x0d000000, 0x17000000)
   the space 10944K,  46% used [0x0c550000, 0x0ca41298, 0x0ca41400, 0x0d000000)
 Metaspace       used 8744K, capacity 8997K, committed 9088K, reserved 9600K
}
Event: 4.917 GC heap before
{Heap before GC invocations=9 (full 0):
 def new generation   total 4928K, used 4928K [0x07000000, 0x07550000, 0x0c550000)
  eden space 4416K, 100% used [0x07000000, 0x07450000, 0x07450000)
  from space 512K, 100% used [0x074d0000, 0x07550000, 0x07550000)
  to   space 512K,   0% used [0x07450000, 0x07450000, 0x074d0000)
 tenured generation   total 10944K, used 5060K [0x0c550000, 0x0d000000, 0x17000000)
   the space 10944K,  46% used [0x0c550000, 0x0ca41298, 0x0ca41400, 0x0d000000)
 Metaspace       used 9277K, capacity 9748K, committed 9856K, reserved 10624K
Event: 4.920 GC heap after
Heap after GC invocations=10 (full 0):
 def new generation   total 4928K, used 511K [0x07000000, 0x07550000, 0x0c550000)
  eden space 4416K,   0% used [0x07000000, 0x07000000, 0x07450000)
  from space 512K,  99% used [0x07450000, 0x074cfff8, 0x074d0000)
  to   space 512K,   0% used [0x074d0000, 0x074d0000, 0x07550000)
 tenured generation   total 10944K, used 5332K [0x0c550000, 0x0d000000, 0x17000000)
   the space 10944K,  48% used [0x0c550000, 0x0ca85210, 0x0ca85400, 0x0d000000)
 Metaspace       used 9277K, capacity 9748K, committed 9856K, reserved 10624K
}
Event: 5.088 GC heap before
{Heap before GC invocations=10 (full 0):
 def new generation   total 4928K, used 4921K [0x07000000, 0x07550000, 0x0c550000)
  eden space 4416K,  99% used [0x07000000, 0x0744e440, 0x07450000)
  from space 512K,  99% used [0x07450000, 0x074cfff8, 0x074d0000)
  to   space 512K,   0% used [0x074d0000, 0x074d0000, 0x07550000)
 tenured generation   total 10944K, used 5332K [0x0c550000, 0x0d000000, 0x17000000)
   the space 10944K,  48% used [0x0c550000, 0x0ca85210, 0x0ca85400, 0x0d000000)
 Metaspace       used 9795K, capacity 10270K, committed 10368K, reserved 10624K
Event: 5.091 GC heap after
Heap after GC invocations=11 (full 0):
 def new generation   total 4928K, used 511K [0x07000000, 0x07550000, 0x0c550000)
  eden space 4416K,   0% used [0x07000000, 0x07000000, 0x07450000)
  from space 512K,  99% used [0x074d0000, 0x0754fff8, 0x07550000)
  to   space 512K,   0% used [0x07450000, 0x07450000, 0x074d0000)
 tenured generation   total 10944K, used 5906K [0x0c550000, 0x0d000000, 0x17000000)
   the space 10944K,  53% used [0x0c550000, 0x0cb14b20, 0x0cb14c00, 0x0d000000)
 Metaspace       used 9795K, capacity 10270K, committed 10368K, reserved 10624K
}
Event: 18.317 GC heap before
{Heap before GC invocations=11 (full 0):
 def new generation   total 4928K, used 4927K [0x07000000, 0x07550000, 0x0c550000)
  eden space 4416K, 100% used [0x07000000, 0x07450000, 0x07450000)
  from space 512K,  99% used [0x074d0000, 0x0754fff8, 0x07550000)
  to   space 512K,   0% used [0x07450000, 0x07450000, 0x074d0000)
 tenured generation   total 10944K, used 5906K [0x0c550000, 0x0d000000, 0x17000000)
   the space 10944K,  53% used [0x0c550000, 0x0cb14b20, 0x0cb14c00, 0x0d000000)
 Metaspace       used 10423K, capacity 10941K, committed 11008K, reserved 11648K
Event: 18.323 GC heap after
Heap after GC invocations=12 (full 0):
 def new generation   total 4928K, used 512K [0x07000000, 0x07550000, 0x0c550000)
  eden space 4416K,   0% used [0x07000000, 0x07000000, 0x07450000)
  from space 512K, 100% used [0x07450000, 0x074d0000, 0x074d0000)
  to   space 512K,   0% used [0x074d0000, 0x074d0000, 0x07550000)
 tenured generation   total 10944K, used 6284K [0x0c550000, 0x0d000000, 0x17000000)
   the space 10944K,  57% used [0x0c550000, 0x0cb73350, 0x0cb73400, 0x0d000000)
 Metaspace       used 10423K, capacity 10941K, committed 11008K, reserved 11648K
}

