<?xml version="1.0" encoding="UTF-8"?>
<testng-results skipped="0" failed="1" ignored="0" total="7" passed="6">
  <reporter-output>
  </reporter-output>
  <suite name="Suite" duration-ms="82443" started-at="2019-07-18T13:00:57Z" finished-at="2019-07-18T13:02:19Z">
    <groups>
    </groups>
    <test name="Test" duration-ms="82443" started-at="2019-07-18T13:00:57Z" finished-at="2019-07-18T13:02:19Z">
      <class name="OrangeHRMlive.LoginTest">
        <test-method status="PASS" signature="initilize()[pri:0, instance:OrangeHRMlive.LoginTest@1c36524]" name="initilize" is-config="true" duration-ms="18003" started-at="2019-07-18T13:00:39Z" finished-at="2019-07-18T13:00:57Z">
          <reporter-output>
          </reporter-output>
        </test-method> <!-- initilize -->
        <test-method status="PASS" signature="login()[pri:0, instance:OrangeHRMlive.LoginTest@1c36524]" name="login" duration-ms="6367" started-at="2019-07-18T13:00:57Z" finished-at="2019-07-18T13:01:03Z">
          <reporter-output>
          </reporter-output>
        </test-method> <!-- login -->
        <test-method status="PASS" signature="links()[pri:0, instance:OrangeHRMlive.LoginTest@1c36524]" name="links" duration-ms="7336" started-at="2019-07-18T13:01:03Z" finished-at="2019-07-18T13:01:11Z">
          <reporter-output>
          </reporter-output>
        </test-method> <!-- links -->
        <test-method status="PASS" signature="add_userDetails()[pri:0, instance:OrangeHRMlive.LoginTest@1c36524]" name="add_userDetails" duration-ms="5767" started-at="2019-07-18T13:01:11Z" finished-at="2019-07-18T13:01:16Z">
          <reporter-output>
          </reporter-output>
        </test-method> <!-- add_userDetails -->
        <test-method status="PASS" signature="insertdata_fetch()[pri:0, instance:OrangeHRMlive.LoginTest@1c36524]" name="insertdata_fetch" duration-ms="24486" started-at="2019-07-18T13:01:16Z" finished-at="2019-07-18T13:01:41Z">
          <reporter-output>
          </reporter-output>
        </test-method> <!-- insertdata_fetch -->
        <test-method status="FAIL" signature="delete()[pri:0, instance:OrangeHRMlive.LoginTest@1c36524]" name="delete" duration-ms="5260" started-at="2019-07-18T13:01:41Z" finished-at="2019-07-18T13:01:46Z">
          <exception class="org.openqa.selenium.NoSuchElementException">
            <message>
              <![CDATA[no such element: Unable to locate element: {"method":"xpath","selector":"//input[@id='ohrmList_chkSelectRecord_61']"}
  (Session info: chrome=75.0.3770.142)
For documentation on this error, please visit: https://www.seleniumhq.org/exceptions/no_such_element.html
Build info: version: '3.141.59', revision: 'e82be7d358', time: '2018-11-14T08:17:03'
System info: host: 'DESKTOP-IN91SO8', ip: '192.168.43.50', os.name: 'Windows 10', os.arch: 'x86', os.version: '10.0', java.version: '1.8.0_211'
Driver info: org.openqa.selenium.chrome.ChromeDriver
Capabilities {acceptInsecureCerts: false, browserName: chrome, browserVersion: 75.0.3770.142, chrome: {chromedriverVersion: 75.0.3770.8 (681f24ea911fe7..., userDataDir: C:\Users\abc\AppData\Local\...}, goog:chromeOptions: {debuggerAddress: localhost:58933}, javascriptEnabled: true, networkConnectionEnabled: false, pageLoadStrategy: normal, platform: XP, platformName: XP, proxy: Proxy(), setWindowRect: true, strictFileInteractability: false, timeouts: {implicit: 0, pageLoad: 300000, script: 30000}, unhandledPromptBehavior: dismiss and notify}
Session ID: c61095fb7cd1553d3c12602c6ca3f20b
*** Element info: {Using=xpath, value=//input[@id='ohrmList_chkSelectRecord_61']}]]>
            </message>
            <full-stacktrace>
              <![CDATA[org.openqa.selenium.NoSuchElementException: no such element: Unable to locate element: {"method":"xpath","selector":"//input[@id='ohrmList_chkSelectRecord_61']"}
  (Session info: chrome=75.0.3770.142)
For documentation on this error, please visit: https://www.seleniumhq.org/exceptions/no_such_element.html
Build info: version: '3.141.59', revision: 'e82be7d358', time: '2018-11-14T08:17:03'
System info: host: 'DESKTOP-IN91SO8', ip: '192.168.43.50', os.name: 'Windows 10', os.arch: 'x86', os.version: '10.0', java.version: '1.8.0_211'
Driver info: org.openqa.selenium.chrome.ChromeDriver
Capabilities {acceptInsecureCerts: false, browserName: chrome, browserVersion: 75.0.3770.142, chrome: {chromedriverVersion: 75.0.3770.8 (681f24ea911fe7..., userDataDir: C:\Users\abc\AppData\Local\...}, goog:chromeOptions: {debuggerAddress: localhost:58933}, javascriptEnabled: true, networkConnectionEnabled: false, pageLoadStrategy: normal, platform: XP, platformName: XP, proxy: Proxy(), setWindowRect: true, strictFileInteractability: false, timeouts: {implicit: 0, pageLoad: 300000, script: 30000}, unhandledPromptBehavior: dismiss and notify}
Session ID: c61095fb7cd1553d3c12602c6ca3f20b
*** Element info: {Using=xpath, value=//input[@id='ohrmList_chkSelectRecord_61']}
at sun.reflect.NativeConstructorAccessorImpl.newInstance0(Native Method)
at sun.reflect.NativeConstructorAccessorImpl.newInstance(Unknown Source)
at sun.reflect.DelegatingConstructorAccessorImpl.newInstance(Unknown Source)
at java.lang.reflect.Constructor.newInstance(Unknown Source)
at org.openqa.selenium.remote.http.W3CHttpResponseCodec.createException(W3CHttpResponseCodec.java:187)
at org.openqa.selenium.remote.http.W3CHttpResponseCodec.decode(W3CHttpResponseCodec.java:122)
at org.openqa.selenium.remote.http.W3CHttpResponseCodec.decode(W3CHttpResponseCodec.java:49)
at org.openqa.selenium.remote.HttpCommandExecutor.execute(HttpCommandExecutor.java:158)
at org.openqa.selenium.remote.service.DriverCommandExecutor.execute(DriverCommandExecutor.java:83)
at org.openqa.selenium.remote.RemoteWebDriver.execute(RemoteWebDriver.java:552)
at org.openqa.selenium.remote.RemoteWebDriver.findElement(RemoteWebDriver.java:323)
at org.openqa.selenium.remote.RemoteWebDriver.findElementByXPath(RemoteWebDriver.java:428)
at org.openqa.selenium.By$ByXPath.findElement(By.java:353)
at org.openqa.selenium.remote.RemoteWebDriver.findElement(RemoteWebDriver.java:315)
at OrangeHRMlive.LoginTest.delete(LoginTest.java:89)
at sun.reflect.NativeMethodAccessorImpl.invoke0(Native Method)
at sun.reflect.NativeMethodAccessorImpl.invoke(Unknown Source)
at sun.reflect.DelegatingMethodAccessorImpl.invoke(Unknown Source)
at java.lang.reflect.Method.invoke(Unknown Source)
at org.testng.internal.MethodInvocationHelper.invokeMethod(MethodInvocationHelper.java:124)
at org.testng.internal.Invoker.invokeMethod(Invoker.java:583)
at org.testng.internal.Invoker.invokeTestMethod(Invoker.java:719)
at org.testng.internal.Invoker.invokeTestMethods(Invoker.java:989)
at org.testng.internal.TestMethodWorker.invokeTestMethods(TestMethodWorker.java:125)
at org.testng.internal.TestMethodWorker.run(TestMethodWorker.java:109)
at org.testng.TestRunner.privateRun(TestRunner.java:648)
at org.testng.TestRunner.run(TestRunner.java:505)
at org.testng.SuiteRunner.runTest(SuiteRunner.java:455)
at org.testng.SuiteRunner.runSequentially(SuiteRunner.java:450)
at org.testng.SuiteRunner.privateRun(SuiteRunner.java:415)
at org.testng.SuiteRunner.run(SuiteRunner.java:364)
at org.testng.SuiteRunnerWorker.runSuite(SuiteRunnerWorker.java:52)
at org.testng.SuiteRunnerWorker.run(SuiteRunnerWorker.java:84)
at org.testng.TestNG.runSuitesSequentially(TestNG.java:1208)
at org.testng.TestNG.runSuitesLocally(TestNG.java:1137)
at org.testng.TestNG.runSuites(TestNG.java:1049)
at org.testng.TestNG.run(TestNG.java:1017)
at org.apache.maven.surefire.testng.TestNGExecutor.run(TestNGExecutor.java:293)
at org.apache.maven.surefire.testng.TestNGXmlTestSuite.execute(TestNGXmlTestSuite.java:84)
at org.apache.maven.surefire.testng.TestNGProvider.invoke(TestNGProvider.java:91)
at org.apache.maven.surefire.booter.ForkedBooter.invokeProviderInSameClassLoader(ForkedBooter.java:200)
at org.apache.maven.surefire.booter.ForkedBooter.runSuitesInProcess(ForkedBooter.java:153)
at org.apache.maven.surefire.booter.ForkedBooter.main(ForkedBooter.java:103)
]]>
            </full-stacktrace>
          </exception> <!-- org.openqa.selenium.NoSuchElementException -->
          <reporter-output>
          </reporter-output>
        </test-method> <!-- delete -->
        <test-method status="PASS" signature="deletedata_fetch()[pri:0, instance:OrangeHRMlive.LoginTest@1c36524]" name="deletedata_fetch" duration-ms="24611" started-at="2019-07-18T13:01:46Z" finished-at="2019-07-18T13:02:11Z">
          <reporter-output>
          </reporter-output>
        </test-method> <!-- deletedata_fetch -->
        <test-method status="PASS" signature="search()[pri:0, instance:OrangeHRMlive.LoginTest@1c36524]" name="search" duration-ms="8510" started-at="2019-07-18T13:02:11Z" finished-at="2019-07-18T13:02:19Z">
          <reporter-output>
          </reporter-output>
        </test-method> <!-- search -->
        <test-method status="PASS" signature="close()[pri:0, instance:OrangeHRMlive.LoginTest@1c36524]" name="close" is-config="true" duration-ms="0" started-at="2019-07-18T13:02:19Z" finished-at="2019-07-18T13:02:19Z">
          <reporter-output>
          </reporter-output>
        </test-method> <!-- close -->
      </class> <!-- OrangeHRMlive.LoginTest -->
    </test> <!-- Test -->
  </suite> <!-- Suite -->
</testng-results>
